<?xml version="1.0" encoding="UTF-8" ?>
<testsuite failures="0" time="0.354" errors="0" skipped="0" tests="2" name="com.google.code.simpleviewergallerydownloader.test.TestDownloaderXMLParser">
  <properties>
[...]
</properties>
  <testcase time="0.274" classname="com.google.code.simpleviewergallerydownloader.test.TestDownloaderXMLParser" name="testXMLParse1"/>
  <testcase time="0.029" classname="com.google.code.simpleviewergallerydownloader.test.TestDownloaderXMLParser" name="testXMLParse2"/>
</testsuite>